<?xml version="1.0" encoding="UTF-8"?>
<testng-results ignored="0" total="1" passed="1" failed="0" skipped="0">
  <reporter-output>
    <line>
      <![CDATA[<a href="..\Videos\tc027_CreatingDashboard10.May.2021_20.03.44.964.avi" style="text-decoration: none; color: white;"><div class = cbutton>Download Video</div></a>]]>
    </line>
    <line>
      <![CDATA[<br>]]>
    </line>
    <line>
      <![CDATA[<a class="cbutton" href="..\Logs.log">Click to Open Log File</a>]]>
    </line>
  </reporter-output>
  <suite started-at="2021-05-10T14:32:59Z" name="OrangeHRM Suite" finished-at="2021-05-10T14:33:47Z" duration-ms="48504">
    <groups>
      <group name="Smoke Test">
        <method signature="DashboardCreation.tc027_CreatingDashboard()[pri:0, instance:com.testsuite.DashBoards.DashboardCreation@4b213651]" name="tc027_CreatingDashboard" class="com.testsuite.DashBoards.DashboardCreation"/>
      </group> <!-- Smoke Test -->
    </groups>
    <test started-at="2021-05-10T14:32:59Z" name="Dashboards" finished-at="2021-05-10T14:33:47Z" duration-ms="48504">
      <class name="com.testsuite.DashBoards.DashboardCreation">
        <test-method is-config="true" signature="beforeSuite()[pri:0, instance:com.testsuite.DashBoards.DashboardCreation@4b213651]" started-at="2021-05-10T20:02:59Z" name="beforeSuite" finished-at="2021-05-10T20:02:59Z" duration-ms="95" status="PASS">
          <reporter-output>
          </reporter-output>
        </test-method> <!-- beforeSuite -->
        <test-method is-config="true" signature="initializeBaseSetup(java.lang.String, java.lang.String, java.lang.String, java.lang.String, java.lang.String, java.lang.String, java.lang.String, java.lang.String, java.lang.String, java.lang.String, org.testng.ITestContext)[pri:0, instance:com.testsuite.DashBoards.DashboardCreation@4b213651]" started-at="2021-05-10T20:02:59Z" name="initializeBaseSetup" finished-at="2021-05-10T20:03:04Z" duration-ms="5350" status="PASS">
          <params>
            <param index="0">
              <value>
                <![CDATA[Android Mobile Phone]]>
              </value>
            </param>
            <param index="1">
              <value>
                <![CDATA[6.0.1]]>
              </value>
            </param>
            <param index="2">
              <value>
                <![CDATA[http://0.0.0.0:4723/wd/hub]]>
              </value>
            </param>
            <param index="3">
              <value>
                <![CDATA[1fa71036]]>
              </value>
            </param>
            <param index="4">
              <value>
                <![CDATA[Desktop]]>
              </value>
            </param>
            <param index="5">
              <value>
                <![CDATA[chrome]]>
              </value>
            </param>
            <param index="6">
              <value>
                <![CDATA[60]]>
              </value>
            </param>
            <param index="7">
              <value>
                <![CDATA[WINDOWS]]>
              </value>
            </param>
            <param index="8">
              <value>
                <![CDATA[8.1]]>
              </value>
            </param>
            <param index="9">
              <value>
                <![CDATA[Testing]]>
              </value>
            </param>
            <param index="10">
              <value>
                <![CDATA[org.testng.TestRunner@596a7f44]]>
              </value>
            </param>
          </params>
          <reporter-output>
          </reporter-output>
        </test-method> <!-- initializeBaseSetup -->
        <test-method is-config="true" signature="initializeBaseSetupForRemote(java.lang.String, java.lang.String, java.lang.String, java.lang.String, java.lang.String, org.testng.ITestContext)[pri:0, instance:com.testsuite.DashBoards.DashboardCreation@4b213651]" started-at="2021-05-10T20:03:04Z" name="initializeBaseSetupForRemote" finished-at="2021-05-10T20:03:04Z" duration-ms="53" status="PASS">
          <params>
            <param index="0">
              <value>
                <![CDATA[chrome]]>
              </value>
            </param>
            <param index="1">
              <value>
                <![CDATA[60]]>
              </value>
            </param>
            <param index="2">
              <value>
                <![CDATA[WINDOWS]]>
              </value>
            </param>
            <param index="3">
              <value>
                <![CDATA[8.1]]>
              </value>
            </param>
            <param index="4">
              <value>
                <![CDATA[Testing]]>
              </value>
            </param>
            <param index="5">
              <value>
                <![CDATA[org.testng.TestRunner@596a7f44]]>
              </value>
            </param>
          </params>
          <reporter-output>
          </reporter-output>
        </test-method> <!-- initializeBaseSetupForRemote -->
        <test-method is-config="true" signature="baseClassSetUp()[pri:0, instance:com.testsuite.DashBoards.DashboardCreation@4b213651]" started-at="2021-05-10T20:03:04Z" name="baseClassSetUp" finished-at="2021-05-10T20:03:11Z" duration-ms="7040" status="PASS">
          <reporter-output>
          </reporter-output>
        </test-method> <!-- baseClassSetUp -->
        <test-method signature="tc027_CreatingDashboard()[pri:0, instance:com.testsuite.DashBoards.DashboardCreation@4b213651]" started-at="2021-05-10T20:03:11Z" name="tc027_CreatingDashboard" finished-at="2021-05-10T20:03:44Z" duration-ms="33135" status="PASS">
          <reporter-output>
            <line>
              <![CDATA[<a href="..\Videos\tc027_CreatingDashboard10.May.2021_20.03.44.964.avi" style="text-decoration: none; color: white;"><div class = cbutton>Download Video</div></a>]]>
            </line>
          </reporter-output>
        </test-method> <!-- tc027_CreatingDashboard -->
        <test-method is-config="true" signature="CloseBrowser()[pri:0, instance:com.testsuite.DashBoards.DashboardCreation@4b213651]" started-at="2021-05-10T20:03:45Z" name="CloseBrowser" finished-at="2021-05-10T20:03:47Z" duration-ms="2442" status="PASS">
          <reporter-output>
          </reporter-output>
        </test-method> <!-- CloseBrowser -->
        <test-method is-config="true" signature="AddLogFileToReport()[pri:0, instance:com.testsuite.DashBoards.DashboardCreation@4b213651]" started-at="2021-05-10T20:03:48Z" name="AddLogFileToReport" finished-at="2021-05-10T20:03:48Z" duration-ms="72" status="PASS">
          <reporter-output>
            <line>
              <![CDATA[<br>]]>
            </line>
            <line>
              <![CDATA[<a class="cbutton" href="..\Logs.log">Click to Open Log File</a>]]>
            </line>
          </reporter-output>
        </test-method> <!-- AddLogFileToReport -->
      </class> <!-- com.testsuite.DashBoards.DashboardCreation -->
    </test> <!-- Dashboards -->
  </suite> <!-- OrangeHRM Suite -->
</testng-results>
